生成启动时间为 2017/10/9 19:37:53。
     1>项目“G:\Courses\Junior Year_1\CAD\Bezier curve\Bezier\Bezier.vcxproj”在节点 2 上(build 个目标)。
     1>InitializeBuildStatus:
         正在对“Release\Bezier.unsuccessfulbuild”执行 Touch 任务。
       CustomBuild:
         所有输出均为最新。
       ClCompile:
         c:\Program Files (x86)\Microsoft Visual Studio 10.0\VC\bin\CL.exe /c /I.\GeneratedFiles /I. /IC:\Qt\Qt5.5.1\5.5\msvc2010\include /I.\GeneratedFiles\Release /IC:\Qt\Qt5.5.1\5.5\msvc2010\include\QtCore /IC:\Qt\Qt5.5.1\5.5\msvc2010\include\QtGui /IC:\Qt\Qt5.5.1\5.5\msvc2010\include\QtWidgets /nologo /W1 /WX- /O2 /Oy- /D UNICODE /D WIN32 /D WIN64 /D QT_DLL /D QT_NO_DEBUG /D NDEBUG /D QT_CORE_LIB /D QT_GUI_LIB /D QT_WIDGETS_LIB /Gm- /EHsc /MD /GS /fp:precise /Zc:wchar_t /Zc:forScope /Fo"Release\\" /Fd"Release\vc100.pdb" /Gd /TP /analyze- /errorReport:prompt mainwindow.cpp GeneratedFiles\Release\moc_mainwindow.cpp GeneratedFiles\Release\moc_viewwidget.cpp main.cpp Bezier.cpp viewwidget.cpp
         mainwindow.cpp
     1>g:\courses\junior year_1\cad\bezier curve\bezier\viewwidget.h(10): fatal error C1083: 无法打开包括文件:“Eigen”: No such file or directory
         moc_mainwindow.cpp
     1>g:\courses\junior year_1\cad\bezier curve\bezier\viewwidget.h(10): fatal error C1083: 无法打开包括文件:“Eigen”: No such file or directory
         moc_viewwidget.cpp
     1>g:\courses\junior year_1\cad\bezier curve\bezier\generatedfiles\release\../../viewwidget.h(10): fatal error C1083: 无法打开包括文件:“Eigen”: No such file or directory
         main.cpp
     1>g:\courses\junior year_1\cad\bezier curve\bezier\viewwidget.h(10): fatal error C1083: 无法打开包括文件:“Eigen”: No such file or directory
         Bezier.cpp
     1>Bezier.cpp(3): fatal error C1083: 无法打开包括文件:“Eigen”: No such file or directory
         viewwidget.cpp
     1>g:\courses\junior year_1\cad\bezier curve\bezier\viewwidget.h(10): fatal error C1083: 无法打开包括文件:“Eigen”: No such file or directory
         正在生成代码...
     1>已完成生成项目“G:\Courses\Junior Year_1\CAD\Bezier curve\Bezier\Bezier.vcxproj”(build 个目标)的操作 - 失败。

生成失败。

已用时间 00:00:19.11
