生成启动时间为 2017/7/2 22:13:46。
     1>项目“G:\Courses\大三上\CAD\Bezier curve\Bezier\Bezier.vcxproj”在节点 2 上(Build 个目标)。
     1>ClCompile:
         c:\Program Files (x86)\Microsoft Visual Studio 10.0\VC\bin\CL.exe /c /I.\GeneratedFiles /I. /IC:\Qt\Qt5.5.1\5.5\msvc2010\include /I.\GeneratedFiles\Debug /IC:\Qt\Qt5.5.1\5.5\msvc2010\include\QtCore /IC:\Qt\Qt5.5.1\5.5\msvc2010\include\QtGui /IC:\Qt\Qt5.5.1\5.5\msvc2010\include\QtWidgets /Zi /nologo /W1 /WX- /Od /Oy- /D UNICODE /D WIN32 /D WIN64 /D QT_DLL /D QT_CORE_LIB /D QT_GUI_LIB /D QT_WIDGETS_LIB /Gm- /EHsc /MDd /GS /fp:precise /Zc:wchar_t /Zc:forScope /Fo"Debug\\" /Fd"Debug\vc100.pdb" /Gd /TP /analyze- /errorReport:prompt Bezier.cpp
         Bezier.cpp
       Link:
         c:\Program Files (x86)\Microsoft Visual Studio 10.0\VC\bin\link.exe /ERRORREPORT:PROMPT /OUT:"G:\Courses\大三上\CAD\Bezier curve\Win32\Debug\\Bezier.exe" /NOLOGO /LIBPATH:C:\Qt\Qt5.5.1\5.5\msvc2010\lib qtmaind.lib Qt5Cored.lib Qt5Guid.lib Qt5Widgetsd.lib kernel32.lib user32.lib gdi32.lib winspool.lib comdlg32.lib advapi32.lib shell32.lib ole32.lib oleaut32.lib uuid.lib odbc32.lib odbccp32.lib /MANIFEST /ManifestFile:"Debug\Bezier.exe.intermediate.manifest" /MANIFESTUAC:"level='asInvoker' uiAccess='false'" /DEBUG /PDB:"G:\Courses\大三上\CAD\Bezier curve\Win32\Debug\Bezier.pdb" /SUBSYSTEM:WINDOWS /TLBID:1 /DYNAMICBASE /NXCOMPAT /IMPLIB:"G:\Courses\大三上\CAD\Bezier curve\Win32\Debug\Bezier.lib" /MACHINE:X86 Debug\dialog.obj
         Debug\moc_dialog.obj
         Debug\qrc_images.obj
         Debug\mainwindow.obj
         Debug\moc_mainwindow.obj
         Debug\moc_viewwidget.obj
         Debug\main.obj
         Debug\Bezier.obj
         Debug\rectangle.obj
         Debug\viewwidget.obj
         LINK : 没有找到 G:\Courses\大三上\CAD\Bezier curve\Win32\Debug\\Bezier.exe 或上一个增量链接没有生成它；正在执行完全链接
         Bezier.vcxproj -> G:\Courses\大三上\CAD\Bezier curve\Win32\Debug\Bezier.exe
       Manifest:
         C:\Program Files (x86)\Microsoft SDKs\Windows\v7.0A\bin\mt.exe /nologo /verbose /outputresource:"G:\Courses\大三上\CAD\Bezier curve\Win32\Debug\\Bezier.exe;#1" /manifest Debug\Bezier.exe.intermediate.manifest
     1>已完成生成项目“G:\Courses\大三上\CAD\Bezier curve\Bezier\Bezier.vcxproj”(Build 个目标)的操作。

生成成功。

已用时间 00:00:12.93
